<?xml version="1.0" encoding="UTF-8"?>
<!-- Generated by org.testng.reporters.JUnitXMLReporter -->
<testsuite ignored="2" hostname="Desktop-Monitor-1st-Floor-Room3" failures="0" tests="3" name="Test" time="21.118" errors="0" timestamp="2024-12-16T08:24:57 IST">
  <testcase classname="com.maxx.testscript.CustomerModule" name="createCustomer" time="4.141"/>
  <testcase classname="com.maxx.testscript.CustomerModule" name="deleteCustomer" time="3.745"/>
  <testcase classname="com.maxx.testscript.UserModule" name="addAndDeleteUser" time="10.632"/>
  <testcase classname="com.maxx.generic.BaseClass" name="@AfterTest closeBrowser" time="0.0">
    <ignored/>
  </testcase> <!-- @AfterTest closeBrowser -->
  <testcase classname="com.maxx.generic.BaseClass" name="@BeforeTest openBrowser" time="0.0">
    <ignored/>
  </testcase> <!-- @BeforeTest openBrowser -->
</testsuite> <!-- Test -->
